# JRE version: OpenJDK Runtime Environment (21.0.10) (build 21.0.10+-14961533-b1163.108)
# Java VM: OpenJDK 64-Bit Server VM (21.0.10+-14961533-b1163.108, mixed mode, tiered, compressed oops, compressed class ptrs, g1 gc, windows-amd64)
GC Precious Log:
 CardTable entry size: 512
 Card Set container configuration: InlinePtr #cards 4 size 8 Array Of Cards #cards 16 size 48 Howl #buckets 8 coarsen threshold 3686 Howl Bitmap #cards 512 size 80 coarsen threshold 460 Card regions per heap region 1 cards per card region 4096
 CPUs: 8 total, 8 available
 Memory: 12055M
 Large Page Support: Disabled
 NUMA Support: Disabled
 Compressed Oops: Enabled (Zero based)
 Heap Region Size: 2M
 Heap Min Capacity: 8M
 Heap Initial Capacity: 190M
 Heap Max Capacity: 4G
 Pre-touch: Disabled
 Parallel Workers: 8
 Concurrent Workers: 2
 Concurrent Refinement Workers: 8
 Periodic GC: Disabled
Heap:
 garbage-first heap   total 536576K, used 231618K [0x0000000700000000, 0x0000000800000000)
  region size 2048K, 10 young (20480K), 10 survivors (20480K)
 Metaspace       used 170199K, committed 172608K, reserved 1245184K
  class space    used 21984K, committed 23104K, reserved 1048576K
GC Heap History (20 events):
Event: 74.907 GC heap after
{Heap after GC invocations=81 (full 0):
 garbage-first heap   total 446464K, used 222514K [0x0000000700000000, 0x0000000800000000)
  region size 2048K, 3 young (6144K), 3 survivors (6144K)
 Metaspace       used 170009K, committed 172352K, reserved 1245184K
  class space    used 21980K, committed 23104K, reserved 1048576K
}
Event: 75.459 GC heap before
{Heap before GC invocations=81 (full 0):
 garbage-first heap   total 446464K, used 412978K [0x0000000700000000, 0x0000000800000000)
  region size 2048K, 97 young (198656K), 3 survivors (6144K)
 Metaspace       used 170026K, committed 172352K, reserved 1245184K
  class space    used 21981K, committed 23104K, reserved 1048576K
}
Event: 75.469 GC heap after
{Heap after GC invocations=82 (full 0):
 garbage-first heap   total 446464K, used 223584K [0x0000000700000000, 0x0000000800000000)
  region size 2048K, 3 young (6144K), 3 survivors (6144K)
 Metaspace       used 170026K, committed 172352K, reserved 1245184K
  class space    used 21981K, committed 23104K, reserved 1048576K
}
Event: 75.883 GC heap before
{Heap before GC invocations=82 (full 0):
 garbage-first heap   total 446464K, used 416096K [0x0000000700000000, 0x0000000800000000)
  region size 2048K, 98 young (200704K), 3 survivors (6144K)
 Metaspace       used 170061K, committed 172416K, reserved 1245184K
  class space    used 21982K, committed 23104K, reserved 1048576K
}
Event: 75.901 GC heap after
{Heap after GC invocations=83 (full 0):
 garbage-first heap   total 536576K, used 234392K [0x0000000700000000, 0x0000000800000000)
  region size 2048K, 8 young (16384K), 8 survivors (16384K)
 Metaspace       used 170061K, committed 172416K, reserved 1245184K
  class space    used 21982K, committed 23104K, reserved 1048576K
}
Event: 76.529 GC heap before
{Heap before GC invocations=84 (full 0):
 garbage-first heap   total 536576K, used 490392K [0x0000000700000000, 0x0000000800000000)
  region size 2048K, 133 young (272384K), 8 survivors (16384K)
 Metaspace       used 170093K, committed 172416K, reserved 1245184K
  class space    used 21982K, committed 23104K, reserved 1048576K
}
Event: 76.541 GC heap after
{Heap after GC invocations=85 (full 0):
 garbage-first heap   total 536576K, used 234327K [0x0000000700000000, 0x0000000800000000)
  region size 2048K, 7 young (14336K), 7 survivors (14336K)
 Metaspace       used 170093K, committed 172416K, reserved 1245184K
  class space    used 21982K, committed 23104K, reserved 1048576K
}
Event: 76.781 GC heap before
{Heap before GC invocations=85 (full 0):
 garbage-first heap   total 536576K, used 492375K [0x0000000700000000, 0x0000000800000000)
  region size 2048K, 133 young (272384K), 7 survivors (14336K)
 Metaspace       used 170093K, committed 172416K, reserved 1245184K
  class space    used 21982K, committed 23104K, reserved 1048576K
}
Event: 76.794 GC heap after
{Heap after GC invocations=86 (full 0):
 garbage-first heap   total 536576K, used 233587K [0x0000000700000000, 0x0000000800000000)
  region size 2048K, 8 young (16384K), 8 survivors (16384K)
 Metaspace       used 170093K, committed 172416K, reserved 1245184K
  class space    used 21982K, committed 23104K, reserved 1048576K
}
Event: 77.247 GC heap before
{Heap before GC invocations=86 (full 0):
 garbage-first heap   total 536576K, used 499827K [0x0000000700000000, 0x0000000800000000)
  region size 2048K, 139 young (284672K), 8 survivors (16384K)
 Metaspace       used 170111K, committed 172416K, reserved 1245184K
  class space    used 21982K, committed 23104K, reserved 1048576K
}
Event: 77.260 GC heap after
{Heap after GC invocations=87 (full 0):
 garbage-first heap   total 536576K, used 230499K [0x0000000700000000, 0x0000000800000000)
  region size 2048K, 7 young (14336K), 7 survivors (14336K)
 Metaspace       used 170111K, committed 172416K, reserved 1245184K
  class space    used 21982K, committed 23104K, reserved 1048576K
}
Event: 77.972 GC heap before
{Heap before GC invocations=88 (full 0):
 garbage-first heap   total 536576K, used 504931K [0x0000000700000000, 0x0000000800000000)
  region size 2048K, 141 young (288768K), 7 survivors (14336K)
 Metaspace       used 170118K, committed 172480K, reserved 1245184K
  class space    used 21982K, committed 23104K, reserved 1048576K
}
Event: 77.992 GC heap after
{Heap after GC invocations=89 (full 0):
 garbage-first heap   total 536576K, used 232170K [0x0000000700000000, 0x0000000800000000)
  region size 2048K, 8 young (16384K), 8 survivors (16384K)
 Metaspace       used 170118K, committed 172480K, reserved 1245184K
  class space    used 21982K, committed 23104K, reserved 1048576K
}
Event: 78.883 GC heap before
{Heap before GC invocations=89 (full 0):
 garbage-first heap   total 536576K, used 502506K [0x0000000700000000, 0x0000000800000000)
  region size 2048K, 141 young (288768K), 8 survivors (16384K)
 Metaspace       used 170138K, committed 172480K, reserved 1245184K
  class space    used 21983K, committed 23104K, reserved 1048576K
}
Event: 78.899 GC heap after
{Heap after GC invocations=90 (full 0):
 garbage-first heap   total 536576K, used 230420K [0x0000000700000000, 0x0000000800000000)
  region size 2048K, 8 young (16384K), 8 survivors (16384K)
 Metaspace       used 170138K, committed 172480K, reserved 1245184K
  class space    used 21983K, committed 23104K, reserved 1048576K
}
Event: 79.561 GC heap before
{Heap before GC invocations=90 (full 0):
 garbage-first heap   total 536576K, used 504852K [0x0000000700000000, 0x0000000800000000)
  region size 2048K, 143 young (292864K), 8 survivors (16384K)
 Metaspace       used 170183K, committed 172544K, reserved 1245184K
  class space    used 21983K, committed 23104K, reserved 1048576K
}
Event: 79.578 GC heap after
{Heap after GC invocations=91 (full 0):
 garbage-first heap   total 536576K, used 233550K [0x0000000700000000, 0x0000000800000000)
  region size 2048K, 10 young (20480K), 10 survivors (20480K)
 Metaspace       used 170183K, committed 172544K, reserved 1245184K
  class space    used 21983K, committed 23104K, reserved 1048576K
}
Event: 79.997 GC heap before
{Heap before GC invocations=92 (full 0):
 garbage-first heap   total 536576K, used 503886K [0x0000000700000000, 0x0000000800000000)
  region size 2048K, 143 young (292864K), 10 survivors (20480K)
 Metaspace       used 170185K, committed 172608K, reserved 1245184K
  class space    used 21983K, committed 23104K, reserved 1048576K
}
Event: 80.015 GC heap after
{Heap after GC invocations=93 (full 0):
 garbage-first heap   total 536576K, used 234801K [0x0000000700000000, 0x0000000800000000)
  region size 2048K, 10 young (20480K), 10 survivors (20480K)
 Metaspace       used 170185K, committed 172608K, reserved 1245184K
  class space    used 21983K, committed 23104K, reserved 1048576K
}
Event: 80.345 GC heap before
{Heap before GC invocations=93 (full 0):
 garbage-first heap   total 536576K, used 505137K [0x0000000700000000, 0x0000000800000000)
  region size 2048K, 143 young (292864K), 10 survivors (20480K)
 Metaspace       used 170199K, committed 172608K, reserved 1245184K
  class space    used 21984K, committed 23104K, reserved 1048576K
}

